2022-07-09 06:10:44:132 [Appium] Welcome to Appium v1.22.3
2022-07-09 06:10:44:133 [Appium] Non-default server args:
2022-07-09 06:10:44:134 [Appium]   port: 56269
2022-07-09 06:10:44:134 [Appium]   basePath: /wd/hub/
2022-07-09 06:10:44:134 [Appium]   logFile: C:\Mine\Company\Maveric Appium\appium_workspace\MobileAutomation\appium_log1.log
2022-07-09 06:10:44:135 [Appium]   relaxedSecurityEnabled: true
2022-07-09 06:10:44:161 [Appium] Appium REST http interface listener started on 0.0.0.0:56269
2022-07-09 06:10:44:421 [HTTP] --> GET /wd/hub/status
2022-07-09 06:10:44:421 [HTTP] {}
2022-07-09 06:10:44:423 [GENERIC] Calling AppiumDriver.getStatus() with args: []
2022-07-09 06:10:44:425 [GENERIC] Responding to client with driver.getStatus() result: {"build":{"version":"1.22.3"}}
2022-07-09 06:10:44:433 [HTTP] <-- GET /wd/hub/status 200 8 ms - 68
2022-07-09 06:10:44:433 [HTTP] 
2022-07-09 06:10:44:439 [HTTP] --> GET /wd/hub/status
2022-07-09 06:10:44:440 [HTTP] {}
2022-07-09 06:10:44:440 [GENERIC] Calling AppiumDriver.getStatus() with args: []
2022-07-09 06:10:44:441 [GENERIC] Responding to client with driver.getStatus() result: {"build":{"version":"1.22.3"}}
2022-07-09 06:10:44:443 [HTTP] <-- GET /wd/hub/status 200 3 ms - 68
2022-07-09 06:10:44:443 [HTTP] 
2022-07-09 06:10:51:193 [HTTP] --> GET /wd/hub/status
2022-07-09 06:10:51:194 [HTTP] {}
2022-07-09 06:10:51:194 [GENERIC] Calling AppiumDriver.getStatus() with args: []
2022-07-09 06:10:51:194 [GENERIC] Responding to client with driver.getStatus() result: {"build":{"version":"1.22.3"}}
2022-07-09 06:10:51:196 [HTTP] <-- GET /wd/hub/status 200 2 ms - 68
2022-07-09 06:10:51:196 [HTTP] 
2022-07-09 06:10:51:625 [HTTP] Request idempotency key: 68af412a-9fdf-4c68-99a2-ca25898c4684
2022-07-09 06:10:51:642 [HTTP] --> POST /wd/hub/session
2022-07-09 06:10:51:643 [HTTP] {"capabilities":{"firstMatch":[{}],"alwaysMatch":{"appium:app":"C:\\Mine\\Company\\Maveric Appium\\appium_workspace\\MobileAutomation\\app\\khan-academy-7-3-2.apk","appium:deviceName":"bala","platformName":"android"}}}
2022-07-09 06:10:51:643 [W3C] Calling AppiumDriver.createSession() with args: [null,null,{"firstMatch":[{}],"alwaysMatch":{"appium:app":"C:\\Mine\\Company\\Maveric Appium\\appium_workspace\\MobileAutomation\\app\\khan-academy-7-3-2.apk","appium:deviceName":"bala","platformName":"android"}}]
2022-07-09 06:10:51:644 [BaseDriver] Event 'newSessionRequested' logged at 1657347051644 (11:40:51 GMT+0530 (India Standard Time))
2022-07-09 06:10:51:652 [Appium] 
2022-07-09 06:10:51:652 [Appium] ======================================================================
2022-07-09 06:10:51:653 [Appium]   DEPRECATION WARNING:
2022-07-09 06:10:51:653 [Appium] 
2022-07-09 06:10:51:653 [Appium]   The 'automationName' capability was not provided in the desired 
2022-07-09 06:10:51:653 [Appium]   capabilities for this Android session
2022-07-09 06:10:51:653 [Appium] 
2022-07-09 06:10:51:653 [Appium]   Setting 'automationName=UiAutomator2' by default and using the 
2022-07-09 06:10:51:653 [Appium]   UiAutomator2 Driver
2022-07-09 06:10:51:653 [Appium] 
2022-07-09 06:10:51:654 [Appium]   The next major version of Appium (2.x) will **require** the 
2022-07-09 06:10:51:654 [Appium]   'automationName' capability to be set for all sessions on all 
2022-07-09 06:10:51:654 [Appium]   platforms
2022-07-09 06:10:51:654 [Appium] 
2022-07-09 06:10:51:654 [Appium]   In previous versions (Appium <= 1.13.x), the default was 
2022-07-09 06:10:51:654 [Appium]   'automationName=UiAutomator1'
2022-07-09 06:10:51:654 [Appium] 
2022-07-09 06:10:51:654 [Appium]   If you wish to use that automation instead of UiAutomator2, please 
2022-07-09 06:10:51:654 [Appium]   add 'automationName=UiAutomator1' to your desired capabilities
2022-07-09 06:10:51:655 [Appium] 
2022-07-09 06:10:51:655 [Appium]   For more information about drivers, please visit 
2022-07-09 06:10:51:655 [Appium]   http://appium.io/docs/en/about-appium/intro/ and explore the 
2022-07-09 06:10:51:655 [Appium]   'Drivers' menu
2022-07-09 06:10:51:655 [Appium] 
2022-07-09 06:10:51:655 [Appium] ======================================================================
2022-07-09 06:10:51:655 [Appium] 
2022-07-09 06:10:51:906 [Appium] Appium v1.22.3 creating new AndroidUiautomator2Driver (v1.70.1) session
2022-07-09 06:10:51:907 [Appium] Applying relaxed security to 'AndroidUiautomator2Driver' as per server command line argument. All insecure features will be enabled unless explicitly disabled by --deny-insecure
2022-07-09 06:10:51:909 [BaseDriver] Creating session with W3C capabilities: {
2022-07-09 06:10:51:909 [BaseDriver]   "alwaysMatch": {
2022-07-09 06:10:51:909 [BaseDriver]     "platformName": "android",
2022-07-09 06:10:51:909 [BaseDriver]     "appium:app": "C:\\Mine\\Company\\Maveric Appium\\appium_workspace\\MobileAutomation\\app\\khan-academy-7-3-2.apk",
2022-07-09 06:10:51:909 [BaseDriver]     "appium:deviceName": "bala"
2022-07-09 06:10:51:909 [BaseDriver]   },
2022-07-09 06:10:51:909 [BaseDriver]   "firstMatch": [
2022-07-09 06:10:51:909 [BaseDriver]     {}
2022-07-09 06:10:51:909 [BaseDriver]   ]
2022-07-09 06:10:51:909 [BaseDriver] }
2022-07-09 06:10:51:916 [BaseDriver] Session created with session id: 86cdf718-4b7e-41c8-b2ce-96ff9b2a2bb1
2022-07-09 06:10:51:918 [BaseDriver] Using local app 'C:\Mine\Company\Maveric Appium\appium_workspace\MobileAutomation\app\khan-academy-7-3-2.apk'
2022-07-09 06:10:51:920 [UiAutomator2] Checking whether app is actually present
2022-07-09 06:10:51:941 [ADB] Found 3 'build-tools' folders under 'C:\Users\JiDi\AppData\Local\Android\Sdk' (newest first):
2022-07-09 06:10:51:941 [ADB]     C:/Users/JiDi/AppData/Local/Android/Sdk/build-tools/32.1.0-rc1
2022-07-09 06:10:51:941 [ADB]     C:/Users/JiDi/AppData/Local/Android/Sdk/build-tools/32.0.0
2022-07-09 06:10:51:942 [ADB]     C:/Users/JiDi/AppData/Local/Android/Sdk/build-tools/30.0.3
2022-07-09 06:10:51:942 [ADB] Using 'adb.exe' from 'C:\Users\JiDi\AppData\Local\Android\Sdk\platform-tools\adb.exe'
2022-07-09 06:10:51:943 [ADB] Running 'C:\Users\JiDi\AppData\Local\Android\Sdk\platform-tools\adb.exe -P 5037 start-server'
2022-07-09 06:10:51:972 [AndroidDriver] Retrieving device list
2022-07-09 06:10:51:973 [ADB] Trying to find a connected android device
2022-07-09 06:10:51:973 [ADB] Getting connected devices
2022-07-09 06:10:51:998 [ADB] Connected devices: [{"udid":"f43c4160","state":"device"}]
2022-07-09 06:10:51:998 [AndroidDriver] Using device: f43c4160
2022-07-09 06:10:52:001 [ADB] Using 'adb.exe' from 'C:\Users\JiDi\AppData\Local\Android\Sdk\platform-tools\adb.exe'
2022-07-09 06:10:52:001 [ADB] Running 'C:\Users\JiDi\AppData\Local\Android\Sdk\platform-tools\adb.exe -P 5037 start-server'
2022-07-09 06:10:52:023 [ADB] Setting device id to f43c4160
2022-07-09 06:10:52:024 [ADB] Running 'C:\Users\JiDi\AppData\Local\Android\Sdk\platform-tools\adb.exe -P 5037 -s f43c4160 shell getprop ro.build.version.sdk'
2022-07-09 06:10:52:112 [ADB] Current device property 'ro.build.version.sdk': 30
2022-07-09 06:10:52:112 [ADB] Getting device platform version
2022-07-09 06:10:52:112 [ADB] Running 'C:\Users\JiDi\AppData\Local\Android\Sdk\platform-tools\adb.exe -P 5037 -s f43c4160 shell getprop ro.build.version.release'
2022-07-09 06:10:52:177 [ADB] Current device property 'ro.build.version.release': 11
2022-07-09 06:10:52:177 [ADB] Device API level: 30
2022-07-09 06:10:52:177 [UiAutomator2] Relaxing hidden api policy
2022-07-09 06:10:52:178 [ADB] Running 'C:\Users\JiDi\AppData\Local\Android\Sdk\platform-tools\adb.exe -P 5037 -s f43c4160 shell 'settings put global hidden_api_policy_pre_p_apps 1;settings put global hidden_api_policy_p_apps 1;settings put global hidden_api_policy 1''
2022-07-09 06:10:52:356 [AndroidDriver] Parsing package and activity from app manifest
2022-07-09 06:10:52:384 [ADB] Package name: 'org.khanacademy.android'
2022-07-09 06:10:52:384 [ADB] Main activity name: 'org.khanacademy.android.ui.library.MainActivity'
2022-07-09 06:10:52:385 [AndroidDriver] Parsed package and activity are: org.khanacademy.android/org.khanacademy.android.ui.library.MainActivity
2022-07-09 06:10:52:386 [ADB] Running 'C:\Users\JiDi\AppData\Local\Android\Sdk\platform-tools\adb.exe -P 5037 -s f43c4160 wait-for-device'
2022-07-09 06:10:52:410 [ADB] Running 'C:\Users\JiDi\AppData\Local\Android\Sdk\platform-tools\adb.exe -P 5037 -s f43c4160 shell echo ping'
2022-07-09 06:10:52:468 [AndroidDriver] Pushing settings apk to device...
2022-07-09 06:10:52:469 [ADB] Getting install status for io.appium.settings
2022-07-09 06:10:52:470 [ADB] Running 'C:\Users\JiDi\AppData\Local\Android\Sdk\platform-tools\adb.exe -P 5037 -s f43c4160 shell dumpsys package io.appium.settings'
2022-07-09 06:10:52:573 [ADB] 'io.appium.settings' is installed
2022-07-09 06:10:52:573 [ADB] Getting package info for 'io.appium.settings'
2022-07-09 06:10:52:574 [ADB] Running 'C:\Users\JiDi\AppData\Local\Android\Sdk\platform-tools\adb.exe -P 5037 -s f43c4160 shell dumpsys package io.appium.settings'
2022-07-09 06:10:52:657 [ADB] The version name of the installed 'io.appium.settings' is greater or equal to the application version name ('3.4.0' >= '3.4.0')
2022-07-09 06:10:52:658 [ADB] There is no need to install/upgrade 'C:\Users\JiDi\AppData\Roaming\npm\node_modules\appium\node_modules\io.appium.settings\apks\settings_apk-debug.apk'
2022-07-09 06:10:52:658 [ADB] Getting IDs of all 'io.appium.settings' processes
2022-07-09 06:10:52:659 [ADB] Running 'C:\Users\JiDi\AppData\Local\Android\Sdk\platform-tools\adb.exe -P 5037 -s f43c4160 shell 'pgrep --help; echo $?''
2022-07-09 06:10:52:733 [ADB] Running 'C:\Users\JiDi\AppData\Local\Android\Sdk\platform-tools\adb.exe -P 5037 -s f43c4160 shell pgrep -f \(\[\[:blank:\]\]\|\^\)io\.appium\.settings\(\[\[:blank:\]\]\|\$\)'
2022-07-09 06:10:52:838 [AndroidDriver] io.appium.settings is already running. There is no need to reset its permissions.
2022-07-09 06:10:52:839 [ADB] Running 'C:\Users\JiDi\AppData\Local\Android\Sdk\platform-tools\adb.exe -P 5037 -s f43c4160 shell appops set io.appium.settings android:mock_location allow'
2022-07-09 06:10:52:938 [Logcat] Starting logs capture with command: C:\\Users\\JiDi\\AppData\\Local\\Android\\Sdk\\platform-tools\\adb.exe -P 5037 -s f43c4160 logcat -v threadtime
2022-07-09 06:10:53:008 [UiAutomator2] Forwarding UiAutomator2 Server port 6790 to local port 8201
2022-07-09 06:10:53:009 [ADB] Forwarding system: 8201 to device: 6790
2022-07-09 06:10:53:009 [ADB] Running 'C:\Users\JiDi\AppData\Local\Android\Sdk\platform-tools\adb.exe -P 5037 -s f43c4160 forward tcp:8201 tcp:6790'
2022-07-09 06:10:53:043 [ADB] Getting install status for io.appium.uiautomator2.server
2022-07-09 06:10:53:043 [ADB] Running 'C:\Users\JiDi\AppData\Local\Android\Sdk\platform-tools\adb.exe -P 5037 -s f43c4160 shell dumpsys package io.appium.uiautomator2.server'
2022-07-09 06:10:53:131 [ADB] 'io.appium.uiautomator2.server' is installed
2022-07-09 06:10:53:131 [ADB] Getting package info for 'io.appium.uiautomator2.server'
2022-07-09 06:10:53:132 [ADB] Running 'C:\Users\JiDi\AppData\Local\Android\Sdk\platform-tools\adb.exe -P 5037 -s f43c4160 shell dumpsys package io.appium.uiautomator2.server'
2022-07-09 06:10:53:625 [ADB] The version name of the installed 'io.appium.uiautomator2.server' is greater or equal to the application version name ('4.27.0' >= '4.27.0')
2022-07-09 06:10:53:625 [UiAutomator2] io.appium.uiautomator2.server installation state: sameVersionInstalled
2022-07-09 06:10:53:626 [ADB] Checking app cert for C:\Users\JiDi\AppData\Roaming\npm\node_modules\appium\node_modules\appium-uiautomator2-server\apks\appium-uiautomator2-server-v4.27.0.apk
2022-07-09 06:10:53:676 [ADB] Using 'apksigner.jar' from 'C:\Users\JiDi\AppData\Local\Android\Sdk\build-tools\32.1.0-rc1\lib\apksigner.jar'
2022-07-09 06:10:53:679 [ADB] Starting apksigner: 'C:\\Program Files\\Java\\jdk1.8.0_291\\bin\\java.exe' -Xmx1024M -Xss1m -jar C:\\Users\\JiDi\\AppData\\Local\\Android\\Sdk\\build-tools\\32.1.0-rc1\\lib\\apksigner.jar verify --print-certs C:\\Users\\JiDi\\AppData\\Roaming\\npm\\node_modules\\appium\\node_modules\\appium-uiautomator2-server\\apks\\appium-uiautomator2-server-v4.27.0.apk
2022-07-09 06:10:54:648 [ADB] apksigner stdout: Signer #1 certificate DN: EMAILADDRESS=android@android.com, CN=Android, OU=Android, O=Android, L=Mountain View, ST=California, C=US
2022-07-09 06:10:54:649 [ADB] Signer #1 certificate SHA-256 digest: a40da80a59d170caa950cf15c18c454d47a39b26989d8b640ecd745ba71bf5dc
2022-07-09 06:10:54:649 [ADB] Signer #1 certificate SHA-1 digest: 61ed377e85d386a8dfee6b864bd85b0bfaa5af81
2022-07-09 06:10:54:649 [ADB] Signer #1 certificate MD5 digest: e89b158e4bcf988ebd09eb83f5378e87
2022-07-09 06:10:54:649 [ADB] 
2022-07-09 06:10:54:649 [ADB] sha256 hash did match for 'appium-uiautomator2-server-v4.27.0.apk'
2022-07-09 06:10:54:649 [ADB] 'C:\Users\JiDi\AppData\Roaming\npm\node_modules\appium\node_modules\appium-uiautomator2-server\apks\appium-uiautomator2-server-v4.27.0.apk' is signed with the default certificate
2022-07-09 06:10:54:649 [ADB] Getting install status for io.appium.uiautomator2.server.test
2022-07-09 06:10:54:650 [ADB] Running 'C:\Users\JiDi\AppData\Local\Android\Sdk\platform-tools\adb.exe -P 5037 -s f43c4160 shell dumpsys package io.appium.uiautomator2.server.test'
2022-07-09 06:10:54:731 [ADB] 'io.appium.uiautomator2.server.test' is installed
2022-07-09 06:10:54:731 [ADB] Checking app cert for C:\Users\JiDi\AppData\Roaming\npm\node_modules\appium\node_modules\appium-uiautomator2-server\apks\appium-uiautomator2-server-debug-androidTest.apk
2022-07-09 06:10:54:735 [ADB] Starting apksigner: 'C:\\Program Files\\Java\\jdk1.8.0_291\\bin\\java.exe' -Xmx1024M -Xss1m -jar C:\\Users\\JiDi\\AppData\\Local\\Android\\Sdk\\build-tools\\32.1.0-rc1\\lib\\apksigner.jar verify --print-certs C:\\Users\\JiDi\\AppData\\Roaming\\npm\\node_modules\\appium\\node_modules\\appium-uiautomator2-server\\apks\\appium-uiautomator2-server-debug-androidTest.apk
2022-07-09 06:10:55:120 [ADB] apksigner stdout: Signer #1 certificate DN: EMAILADDRESS=android@android.com, CN=Android, OU=Android, O=Android, L=Mountain View, ST=California, C=US
2022-07-09 06:10:55:120 [ADB] Signer #1 certificate SHA-256 digest: a40da80a59d170caa950cf15c18c454d47a39b26989d8b640ecd745ba71bf5dc
2022-07-09 06:10:55:120 [ADB] Signer #1 certificate SHA-1 digest: 61ed377e85d386a8dfee6b864bd85b0bfaa5af81
2022-07-09 06:10:55:120 [ADB] Signer #1 certificate MD5 digest: e89b158e4bcf988ebd09eb83f5378e87
2022-07-09 06:10:55:120 [ADB] 
2022-07-09 06:10:55:120 [ADB] sha256 hash did match for 'appium-uiautomator2-server-debug-androidTest.apk'
2022-07-09 06:10:55:121 [ADB] 'C:\Users\JiDi\AppData\Roaming\npm\node_modules\appium\node_modules\appium-uiautomator2-server\apks\appium-uiautomator2-server-debug-androidTest.apk' is signed with the default certificate
2022-07-09 06:10:55:121 [UiAutomator2] Server packages are not going to be (re)installed
2022-07-09 06:10:55:123 [UiAutomator2] Waiting up to 30000ms for services to be available
2022-07-09 06:10:55:123 [ADB] Running 'C:\Users\JiDi\AppData\Local\Android\Sdk\platform-tools\adb.exe -P 5037 -s f43c4160 shell pm list instrumentation'
2022-07-09 06:10:55:215 [UiAutomator2] Instrumentation target 'io.appium.uiautomator2.server.test/androidx.test.runner.AndroidJUnitRunner' is available
2022-07-09 06:10:55:217 [ADB] Adding packages ["io.appium.settings","io.appium.uiautomator2.server","io.appium.uiautomator2.server.test"] to Doze whitelist
2022-07-09 06:10:55:218 [ADB] Got the following command chunks to execute: [["dumpsys","deviceidle","whitelist","+io.appium.settings",";","dumpsys","deviceidle","whitelist","+io.appium.uiautomator2.server",";","dumpsys","deviceidle","whitelist","+io.appium.uiautomator2.server.test",";"]]
2022-07-09 06:10:55:218 [ADB] Running 'C:\Users\JiDi\AppData\Local\Android\Sdk\platform-tools\adb.exe -P 5037 -s f43c4160 shell dumpsys deviceidle whitelist +io.appium.settings ; dumpsys deviceidle whitelist +io.appium.uiautomator2.server ; dumpsys deviceidle whitelist +io.appium.uiautomator2.server.test ;'
2022-07-09 06:10:55:323 [ADB] Checking app cert for C:\Mine\Company\Maveric Appium\appium_workspace\MobileAutomation\app\khan-academy-7-3-2.apk
2022-07-09 06:10:55:516 [ADB] Starting apksigner: 'C:\\Program Files\\Java\\jdk1.8.0_291\\bin\\java.exe' -Xmx1024M -Xss1m -jar C:\\Users\\JiDi\\AppData\\Local\\Android\\Sdk\\build-tools\\32.1.0-rc1\\lib\\apksigner.jar verify --print-certs 'C:\\Mine\\Company\\Maveric Appium\\appium_workspace\\MobileAutomation\\app\\khan-academy-7-3-2.apk'
2022-07-09 06:10:57:850 [ADB] apksigner stdout: Signer #1 certificate DN: CN=Nacho Soto, OU=Mobile, O=Khan Academy, L=Mountain View, ST=CA, C=US
2022-07-09 06:10:57:850 [ADB] Signer #1 certificate SHA-256 digest: effcfe21106012617bd63deb9dfdb8354d1d574d1d67c5664a5d02e669b24ecb
2022-07-09 06:10:57:851 [ADB] Signer #1 certificate SHA-1 digest: fcd024fd95aadcbd275abd7d42775f3977621522
2022-07-09 06:10:57:851 [ADB] Signer #1 certificate MD5 digest: d1c2300d87bc53086beb404be726199a
2022-07-09 06:10:57:851 [ADB] Source Stamp Signer certificate DN: CN=Android, OU=Android, O=Google Inc., L=Mountain View, ST=California, C=US
2022-07-09 06:10:57:851 [ADB] Source Stamp Signer certificate SHA-256 digest: 3257d599a49d2c961a471ca9843f59d341a405884583fc087df4237b733bbd6d
2022-07-09 06:10:57:851 [ADB] Source Stamp Signer certificate SHA-1 digest: b1af3a0bf998aeede1a8716a539e5a59da1d86d6
2022-07-09 06:10:57:851 [ADB] Source Stamp Signer certificate MD5 digest: 577b8a9fbc7e308321aec6411169d2fb
2022-07-09 06:10:57:851 [ADB] 
2022-07-09 06:10:57:851 [ADB] 'C:\Mine\Company\Maveric Appium\appium_workspace\MobileAutomation\app\khan-academy-7-3-2.apk' is signed with a non-default certificate
2022-07-09 06:10:57:851 [ADB] Getting install status for org.khanacademy.android
2022-07-09 06:10:57:852 [ADB] Running 'C:\Users\JiDi\AppData\Local\Android\Sdk\platform-tools\adb.exe -P 5037 -s f43c4160 shell dumpsys package org.khanacademy.android'
2022-07-09 06:10:57:950 [ADB] 'org.khanacademy.android' is not installed
2022-07-09 06:10:57:950 [ADB] App 'C:\Mine\Company\Maveric Appium\appium_workspace\MobileAutomation\app\khan-academy-7-3-2.apk' is not installed
2022-07-09 06:10:57:950 [ADB] Installing 'C:\Mine\Company\Maveric Appium\appium_workspace\MobileAutomation\app\khan-academy-7-3-2.apk'
2022-07-09 06:10:57:950 [ADB] Running 'C:\Users\JiDi\AppData\Local\Android\Sdk\platform-tools\adb.exe -P 5037 -s f43c4160 help'
2022-07-09 06:10:57:972 [ADB] Running 'C:\Users\JiDi\AppData\Local\Android\Sdk\platform-tools\adb.exe -P 5037 -s f43c4160 features'
2022-07-09 06:10:57:991 [ADB] The application at 'C:\Mine\Company\Maveric Appium\appium_workspace\MobileAutomation\app\khan-academy-7-3-2.apk' will not be cached, because the device under test has confirmed the support of streamed installs
2022-07-09 06:10:57:991 [ADB] Running 'C:\Users\JiDi\AppData\Local\Android\Sdk\platform-tools\adb.exe -P 5037 -s f43c4160 install 'C:\\Mine\\Company\\Maveric Appium\\appium_workspace\\MobileAutomation\\app\\khan-academy-7-3-2.apk''
2022-07-09 06:11:05:633 [ADB] The installation of 'khan-academy-7-3-2.apk' took 7642ms
2022-07-09 06:11:05:633 [ADB] Install command stdout: Performing Streamed Install
2022-07-09 06:11:05:633 [ADB] Success
2022-07-09 06:11:05:634 [UiAutomator2] Performing shallow cleanup of automation leftovers
2022-07-09 06:11:05:701 [UiAutomator2] The following obsolete sessions are still running: ["5f1c4312-4331-46c9-b4da-441b481ee125"]
2022-07-09 06:11:05:702 [UiAutomator2] Cleaning up 1 obsolete session
2022-07-09 06:11:06:730 [ADB] Running 'C:\Users\JiDi\AppData\Local\Android\Sdk\platform-tools\adb.exe -P 5037 -s f43c4160 shell am force-stop io.appium.uiautomator2.server.test'
2022-07-09 06:11:06:918 [UiAutomator2] Starting UIAutomator2 server 4.27.0
2022-07-09 06:11:06:920 [UiAutomator2] Using UIAutomator2 server from 'C:\Users\JiDi\AppData\Roaming\npm\node_modules\appium\node_modules\appium-uiautomator2-server\apks\appium-uiautomator2-server-v4.27.0.apk' and test from 'C:\Users\JiDi\AppData\Roaming\npm\node_modules\appium\node_modules\appium-uiautomator2-server\apks\appium-uiautomator2-server-debug-androidTest.apk'
2022-07-09 06:11:06:920 [UiAutomator2] Waiting up to 30000ms for UiAutomator2 to be online...
2022-07-09 06:11:06:920 [ADB] Creating ADB subprocess with args: ["-P",5037,"-s","f43c4160","shell","am","instrument","-w","-e","disableAnalytics",true,"io.appium.uiautomator2.server.test/androidx.test.runner.AndroidJUnitRunner"]
2022-07-09 06:11:06:926 [WD Proxy] Matched '/status' to command name 'getStatus'
2022-07-09 06:11:06:927 [WD Proxy] Proxying [GET /status] to [GET http://127.0.0.1:8201/wd/hub/status] with no body
2022-07-09 06:11:06:936 [WD Proxy] socket hang up
2022-07-09 06:11:07:939 [WD Proxy] Matched '/status' to command name 'getStatus'
2022-07-09 06:11:07:939 [WD Proxy] Proxying [GET /status] to [GET http://127.0.0.1:8201/wd/hub/status] with no body
2022-07-09 06:11:07:945 [WD Proxy] socket hang up
2022-07-09 06:11:08:256 [Instrumentation] io.appium.uiautomator2.server.test.AppiumUiAutomator2Server:
2022-07-09 06:11:08:948 [WD Proxy] Matched '/status' to command name 'getStatus'
2022-07-09 06:11:08:948 [WD Proxy] Proxying [GET /status] to [GET http://127.0.0.1:8201/wd/hub/status] with no body
2022-07-09 06:11:08:960 [WD Proxy] socket hang up
2022-07-09 06:11:09:961 [WD Proxy] Matched '/status' to command name 'getStatus'
2022-07-09 06:11:09:961 [WD Proxy] Proxying [GET /status] to [GET http://127.0.0.1:8201/wd/hub/status] with no body
2022-07-09 06:11:10:047 [WD Proxy] Got response with status 200: {"sessionId":"None","value":{"message":"UiAutomator2 Server is ready to accept commands","ready":true}}
2022-07-09 06:11:10:047 [UiAutomator2] The initialization of the instrumentation process took 3127ms
2022-07-09 06:11:10:048 [WD Proxy] Matched '/session' to command name 'createSession'
2022-07-09 06:11:10:048 [WD Proxy] Proxying [POST /session] to [POST http://127.0.0.1:8201/wd/hub/session] with body: {"capabilities":{"firstMatch":[{"platform":"LINUX","webStorageEnabled":false,"takesScreenshot":true,"javascriptEnabled":true,"databaseEnabled":false,"networkConnectionEnabled":true,"locationContextEnabled":false,"warnings":{},"desired":{"platformName":"android","app":"C:\\Mine\\Company\\Maveric Appium\\appium_workspace\\MobileAutomation\\app\\khan-academy-7-3-2.apk","deviceName":"bala"},"platformName":"android","app":"C:\\Mine\\Company\\Maveric Appium\\appium_workspace\\MobileAutomation\\app\\khan-academy-7-3-2.apk","deviceName":"f43c4160","deviceUDID":"f43c4160","appPackage":"org.khanacademy.android"}],"alwaysMatch":{}}}
2022-07-09 06:11:10:073 [WD Proxy] Got response with status 200: {"sessionId":"2148e670-9e32-4a14-b72f-7fe23ea17303","value":{"capabilities":{"firstMatch":[{"platform":"LINUX","webStorageEnabled":false,"takesScreenshot":true,"javascriptEnabled":true,"databaseEnabled":false,"networkConnectionEnabled":true,"locationContextEnabled":false,"warnings":{},"desired":{"platformName":"android","app":"C:\\Mine\\Company\\Maveric Appium\\appium_workspace\\MobileAutomation\\app\\khan-academy-7-3-2.apk","deviceName":"bala"},"platformName":"android","app":"C:\\Mine\\Company\\Maveric Appium\\appium_workspace\\MobileAutomation\\app\\khan-academy-7-3-2.apk","deviceName":"f43c4160","deviceUDID":"f43c4160","appPackage":"org.khanacademy.android"}],"alwaysMatch":{}},"sessionId":"2148e670-9e32-4a14-b72f-7fe23ea17303"}}
2022-07-09 06:11:10:073 [WD Proxy] Determined the downstream protocol as 'W3C'
2022-07-09 06:11:10:088 [WD Proxy] Proxying [GET /appium/device/info] to [GET http://127.0.0.1:8201/wd/hub/session/2148e670-9e32-4a14-b72f-7fe23ea17303/appium/device/info] with no body
2022-07-09 06:11:10:128 [WD Proxy] Got response with status 200: {"sessionId":"2148e670-9e32-4a14-b72f-7fe23ea17303","value":{"androidId":"de35c1a00a22a440","apiVersion":"30","bluetooth":{"state":"OFF"},"brand":"Xiaomi","carrierName":"Jio 4G","displayDensity":440,"locale":"en_GB","manufacturer":"Xiaomi","model":"Redmi K20 Pro","networks":[{"capabilities":{"SSID":null,"linkDownBandwidthKbps":30000,"linkUpstreamBandwidthKbps":15000,"networkCapabilities":"NET_CAPABILITY_IMS,NET_CAPABILITY_NOT_METERED,NET_CAPABILITY_TRUSTED,NET_CAPABILITY_NOT_VPN,NET_CAPABILITY_VALIDATED,NET_CAPABILITY_NOT_ROAMING,NET_CAPABILITY_FOREGROUND,NET_CAPABILITY_NOT_CONGESTED,NET_CAPABILITY_NOT_SUSPENDED","signalStrength":-2147483648,"transportTypes":"TRANSPORT_CELLULAR"},"detailedState":"CONNECTED","extraInfo":"ims","isAvailable":true,"isConnected":true,"isFailover":false,"isRoaming":false,"state":"CONNECTED","subtype":13,"subtypeName":"LTE","type":0,"typeName":"MOBILE"},{"capabilities":{"SSID":null,"linkDownBandwidthKbps":815257,"linkUpstreamBandwidthKbps":611443,"networkCapabilities":"NET_CAPABI...
2022-07-09 06:11:10:129 [ADB] Running 'C:\Users\JiDi\AppData\Local\Android\Sdk\platform-tools\adb.exe -P 5037 -s f43c4160 shell dumpsys window'
2022-07-09 06:11:10:234 [AndroidDriver] Screen already unlocked, doing nothing
2022-07-09 06:11:10:235 [UiAutomator2] Starting 'org.khanacademy.android/org.khanacademy.android.ui.library.MainActivity and waiting for 'org.khanacademy.android/org.khanacademy.android.ui.library.MainActivity'
2022-07-09 06:11:10:235 [ADB] Running 'C:\Users\JiDi\AppData\Local\Android\Sdk\platform-tools\adb.exe -P 5037 -s f43c4160 shell am start -W -n org.khanacademy.android/org.khanacademy.android.ui.library.MainActivity -S -a android.intent.action.MAIN -c android.intent.category.LAUNCHER -f 0x10200000'
2022-07-09 06:11:11:703 [ADB] Waiting up to 20000ms for activity matching pkg: 'org.khanacademy.android' and activity: 'org.khanacademy.android.ui.library.MainActivity' to be focused
2022-07-09 06:11:11:703 [ADB] Possible activities, to be checked: 'org.khanacademy.android.ui.library.MainActivity', 'org.khanacademy.android.org.khanacademy.android.ui.library.MainActivity'
2022-07-09 06:11:11:704 [ADB] Getting focused package and activity
2022-07-09 06:11:11:704 [ADB] Running 'C:\Users\JiDi\AppData\Local\Android\Sdk\platform-tools\adb.exe -P 5037 -s f43c4160 shell dumpsys window displays'
2022-07-09 06:11:11:780 [ADB] Found package: 'org.khanacademy.android' and fully qualified activity name : 'org.khanacademy.android.ui.library.MainActivity'
2022-07-09 06:11:11:781 [WD Proxy] Proxying [GET /appium/device/pixel_ratio] to [GET http://127.0.0.1:8201/wd/hub/session/2148e670-9e32-4a14-b72f-7fe23ea17303/appium/device/pixel_ratio] with no body
2022-07-09 06:11:11:798 [WD Proxy] Got response with status 200: {"sessionId":"2148e670-9e32-4a14-b72f-7fe23ea17303","value":2.75}
2022-07-09 06:11:11:801 [WD Proxy] Matched '/appium/device/system_bars' to command name 'getSystemBars'
2022-07-09 06:11:11:801 [WD Proxy] Proxying [GET /appium/device/system_bars] to [GET http://127.0.0.1:8201/wd/hub/session/2148e670-9e32-4a14-b72f-7fe23ea17303/appium/device/system_bars] with no body
2022-07-09 06:11:11:809 [WD Proxy] Got response with status 200: {"sessionId":"2148e670-9e32-4a14-b72f-7fe23ea17303","value":{"statusBar":96}}
2022-07-09 06:11:11:810 [WD Proxy] Matched '/window/current/size' to command name 'getWindowSize'
2022-07-09 06:11:11:810 [WD Proxy] Proxying [GET /window/current/size] to [GET http://127.0.0.1:8201/wd/hub/session/2148e670-9e32-4a14-b72f-7fe23ea17303/window/current/size] with no body
2022-07-09 06:11:11:821 [WD Proxy] Got response with status 200: {"sessionId":"2148e670-9e32-4a14-b72f-7fe23ea17303","value":{"height":2210,"width":1080}}
2022-07-09 06:11:11:824 [Appium] New AndroidUiautomator2Driver session created successfully, session 86cdf718-4b7e-41c8-b2ce-96ff9b2a2bb1 added to master session list
2022-07-09 06:11:11:825 [BaseDriver] Event 'newSessionStarted' logged at 1657347071824 (11:41:11 GMT+0530 (India Standard Time))
2022-07-09 06:11:11:826 [W3C (86cdf718)] Cached the protocol value 'W3C' for the new session 86cdf718-4b7e-41c8-b2ce-96ff9b2a2bb1
2022-07-09 06:11:11:827 [W3C (86cdf718)] Responding to client with driver.createSession() result: {"capabilities":{"platform":"LINUX","webStorageEnabled":false,"takesScreenshot":true,"javascriptEnabled":true,"databaseEnabled":false,"networkConnectionEnabled":true,"locationContextEnabled":false,"warnings":{},"desired":{"platformName":"android","app":"C:\\Mine\\Company\\Maveric Appium\\appium_workspace\\MobileAutomation\\app\\khan-academy-7-3-2.apk","deviceName":"bala"},"platformName":"android","app":"C:\\Mine\\Company\\Maveric Appium\\appium_workspace\\MobileAutomation\\app\\khan-academy-7-3-2.apk","deviceName":"f43c4160","deviceUDID":"f43c4160","appPackage":"org.khanacademy.android","deviceApiLevel":30,"platformVersion":"11","deviceScreenSize":"1080x2340","deviceScreenDensity":440,"deviceModel":"Redmi K20 Pro","deviceManufacturer":"Xiaomi","pixelRatio":2.75,"statBarHeight":96,"viewportRect":{"left":0,"top":96,"width":1080,"height":2114}}}
2022-07-09 06:11:11:831 [HTTP] <-- POST /wd/hub/session 200 20187 ms - 915
2022-07-09 06:11:11:832 [HTTP] 
2022-07-09 06:11:11:980 [HTTP] --> POST /wd/hub/session/86cdf718-4b7e-41c8-b2ce-96ff9b2a2bb1/timeouts
2022-07-09 06:11:11:980 [HTTP] {"implicit":30000}
2022-07-09 06:11:11:984 [W3C (86cdf718)] Calling AppiumDriver.timeouts() with args: [null,null,null,null,30000,"86cdf718-4b7e-41c8-b2ce-96ff9b2a2bb1"]
2022-07-09 06:11:11:985 [BaseDriver] W3C timeout argument: {"implicit":30000}}
2022-07-09 06:11:11:985 [BaseDriver] Set implicit wait to 30000ms
2022-07-09 06:11:11:986 [W3C (86cdf718)] Responding to client with driver.timeouts() result: null
2022-07-09 06:11:11:987 [HTTP] <-- POST /wd/hub/session/86cdf718-4b7e-41c8-b2ce-96ff9b2a2bb1/timeouts 200 7 ms - 14
2022-07-09 06:11:11:987 [HTTP] 
2022-07-09 06:11:11:992 [HTTP] --> POST /wd/hub/session/86cdf718-4b7e-41c8-b2ce-96ff9b2a2bb1/element
2022-07-09 06:11:11:992 [HTTP] {"using":"xpath","value":"//android.widget.TextView[@text='Dismiss']"}
2022-07-09 06:11:11:995 [W3C (86cdf718)] Calling AppiumDriver.findElement() with args: ["xpath","//android.widget.TextView[@text='Dismiss']","86cdf718-4b7e-41c8-b2ce-96ff9b2a2bb1"]
2022-07-09 06:11:11:995 [BaseDriver] Valid locator strategies for this request: xpath, id, class name, accessibility id, css selector, -android uiautomator
2022-07-09 06:11:11:996 [BaseDriver] Waiting up to 30000 ms for condition
2022-07-09 06:11:11:996 [WD Proxy] Matched '/element' to command name 'findElement'
2022-07-09 06:11:11:996 [WD Proxy] Proxying [POST /element] to [POST http://127.0.0.1:8201/wd/hub/session/2148e670-9e32-4a14-b72f-7fe23ea17303/element] with body: {"strategy":"xpath","selector":"//android.widget.TextView[@text='Dismiss']","context":"","multiple":false}
2022-07-09 06:11:12:226 [WD Proxy] Got response with status 404: {"sessionId":"2148e670-9e32-4a14-b72f-7fe23ea17303","value":{"error":"no such element","message":"An element could not be located on the page using the given search parameters","stacktrace":"io.appium.uiautomator2.common.exceptions.ElementNotFoundException: An element could not be located on the page using the given search parameters\n\tat io.appium.uiautomator2.handler.FindElement.findElement(FindElement.java:90)\n\tat io.appium.uiautomator2.handler.FindElement.safeHandle(FindElement.java:67)\n\tat io.appium.uiautomator2.handler.request.SafeRequestHandler.handle(SafeRequestHandler.java:59)\n\tat io.appium.uiautomator2.server.AppiumServlet.handleRequest(AppiumServlet.java:266)\n\tat io.appium.uiautomator2.server.AppiumServlet.handleHttpRequest(AppiumServlet.java:260)\n\tat io.appium.uiautomator2.http.ServerHandler.channelRead(ServerHandler.java:68)\n\tat io.netty.channel.AbstractChannelHandlerContext.invokeChannelRead(AbstractChannelHandlerContext.java:366)\n\tat io.netty.channel.AbstractChannelHandlerCont...
2022-07-09 06:11:12:226 [W3C] Matched W3C error code 'no such element' to NoSuchElementError
2022-07-09 06:11:12:226 [BaseDriver] Waited for 230 ms so far
2022-07-09 06:11:12:728 [WD Proxy] Matched '/element' to command name 'findElement'
2022-07-09 06:11:12:729 [WD Proxy] Proxying [POST /element] to [POST http://127.0.0.1:8201/wd/hub/session/2148e670-9e32-4a14-b72f-7fe23ea17303/element] with body: {"strategy":"xpath","selector":"//android.widget.TextView[@text='Dismiss']","context":"","multiple":false}
2022-07-09 06:11:15:613 [WD Proxy] Got response with status 200: {"sessionId":"2148e670-9e32-4a14-b72f-7fe23ea17303","value":{"ELEMENT":"00000000-0000-00c9-ffff-ffff00000054","element-6066-11e4-a52e-4f735466cecf":"00000000-0000-00c9-ffff-ffff00000054"}}
2022-07-09 06:11:15:614 [W3C (86cdf718)] Responding to client with driver.findElement() result: {"element-6066-11e4-a52e-4f735466cecf":"00000000-0000-00c9-ffff-ffff00000054","ELEMENT":"00000000-0000-00c9-ffff-ffff00000054"}
2022-07-09 06:11:15:614 [HTTP] <-- POST /wd/hub/session/86cdf718-4b7e-41c8-b2ce-96ff9b2a2bb1/element 200 3622 ms - 137
2022-07-09 06:11:15:614 [HTTP] 
2022-07-09 06:11:15:620 [HTTP] --> POST /wd/hub/session/86cdf718-4b7e-41c8-b2ce-96ff9b2a2bb1/element/00000000-0000-00c9-ffff-ffff00000054/click
2022-07-09 06:11:15:621 [HTTP] {"id":"00000000-0000-00c9-ffff-ffff00000054"}
2022-07-09 06:11:15:623 [W3C (86cdf718)] Calling AppiumDriver.click() with args: ["00000000-0000-00c9-ffff-ffff00000054","86cdf718-4b7e-41c8-b2ce-96ff9b2a2bb1"]
2022-07-09 06:11:15:623 [WD Proxy] Matched '/element/00000000-0000-00c9-ffff-ffff00000054/click' to command name 'click'
2022-07-09 06:11:15:623 [WD Proxy] Proxying [POST /element/00000000-0000-00c9-ffff-ffff00000054/click] to [POST http://127.0.0.1:8201/wd/hub/session/2148e670-9e32-4a14-b72f-7fe23ea17303/element/00000000-0000-00c9-ffff-ffff00000054/click] with body: {"element":"00000000-0000-00c9-ffff-ffff00000054"}
2022-07-09 06:11:16:734 [WD Proxy] Got response with status 200: {"sessionId":"2148e670-9e32-4a14-b72f-7fe23ea17303","value":null}
2022-07-09 06:11:16:734 [W3C (86cdf718)] Responding to client with driver.click() result: null
2022-07-09 06:11:16:735 [HTTP] <-- POST /wd/hub/session/86cdf718-4b7e-41c8-b2ce-96ff9b2a2bb1/element/00000000-0000-00c9-ffff-ffff00000054/click 200 1114 ms - 14
2022-07-09 06:11:16:735 [HTTP] 
2022-07-09 06:11:16:738 [HTTP] --> POST /wd/hub/session/86cdf718-4b7e-41c8-b2ce-96ff9b2a2bb1/element
2022-07-09 06:11:16:738 [HTTP] {"using":"xpath","value":"//*[@text='Sign in']"}
2022-07-09 06:11:16:739 [W3C (86cdf718)] Calling AppiumDriver.findElement() with args: ["xpath","//*[@text='Sign in']","86cdf718-4b7e-41c8-b2ce-96ff9b2a2bb1"]
2022-07-09 06:11:16:739 [BaseDriver] Valid locator strategies for this request: xpath, id, class name, accessibility id, css selector, -android uiautomator
2022-07-09 06:11:16:739 [BaseDriver] Waiting up to 30000 ms for condition
2022-07-09 06:11:16:739 [WD Proxy] Matched '/element' to command name 'findElement'
2022-07-09 06:11:16:739 [WD Proxy] Proxying [POST /element] to [POST http://127.0.0.1:8201/wd/hub/session/2148e670-9e32-4a14-b72f-7fe23ea17303/element] with body: {"strategy":"xpath","selector":"//*[@text='Sign in']","context":"","multiple":false}
2022-07-09 06:11:16:846 [WD Proxy] Got response with status 200: {"sessionId":"2148e670-9e32-4a14-b72f-7fe23ea17303","value":{"ELEMENT":"00000000-0000-00c8-ffff-ffff00000022","element-6066-11e4-a52e-4f735466cecf":"00000000-0000-00c8-ffff-ffff00000022"}}
2022-07-09 06:11:16:847 [W3C (86cdf718)] Responding to client with driver.findElement() result: {"element-6066-11e4-a52e-4f735466cecf":"00000000-0000-00c8-ffff-ffff00000022","ELEMENT":"00000000-0000-00c8-ffff-ffff00000022"}
2022-07-09 06:11:16:848 [HTTP] <-- POST /wd/hub/session/86cdf718-4b7e-41c8-b2ce-96ff9b2a2bb1/element 200 109 ms - 137
2022-07-09 06:11:16:848 [HTTP] 
2022-07-09 06:11:16:851 [HTTP] --> POST /wd/hub/session/86cdf718-4b7e-41c8-b2ce-96ff9b2a2bb1/element/00000000-0000-00c8-ffff-ffff00000022/click
2022-07-09 06:11:16:851 [HTTP] {"id":"00000000-0000-00c8-ffff-ffff00000022"}
2022-07-09 06:11:16:852 [W3C (86cdf718)] Calling AppiumDriver.click() with args: ["00000000-0000-00c8-ffff-ffff00000022","86cdf718-4b7e-41c8-b2ce-96ff9b2a2bb1"]
2022-07-09 06:11:16:853 [WD Proxy] Matched '/element/00000000-0000-00c8-ffff-ffff00000022/click' to command name 'click'
2022-07-09 06:11:16:853 [WD Proxy] Proxying [POST /element/00000000-0000-00c8-ffff-ffff00000022/click] to [POST http://127.0.0.1:8201/wd/hub/session/2148e670-9e32-4a14-b72f-7fe23ea17303/element/00000000-0000-00c8-ffff-ffff00000022/click] with body: {"element":"00000000-0000-00c8-ffff-ffff00000022"}
2022-07-09 06:11:17:395 [WD Proxy] Got response with status 200: {"sessionId":"2148e670-9e32-4a14-b72f-7fe23ea17303","value":null}
2022-07-09 06:11:17:396 [W3C (86cdf718)] Responding to client with driver.click() result: null
2022-07-09 06:11:17:398 [HTTP] <-- POST /wd/hub/session/86cdf718-4b7e-41c8-b2ce-96ff9b2a2bb1/element/00000000-0000-00c8-ffff-ffff00000022/click 200 546 ms - 14
2022-07-09 06:11:17:398 [HTTP] 
2022-07-09 06:11:17:403 [HTTP] --> POST /wd/hub/session/86cdf718-4b7e-41c8-b2ce-96ff9b2a2bb1/element
2022-07-09 06:11:17:403 [HTTP] {"using":"xpath","value":"//*[@text='Sign in']"}
2022-07-09 06:11:17:404 [W3C (86cdf718)] Calling AppiumDriver.findElement() with args: ["xpath","//*[@text='Sign in']","86cdf718-4b7e-41c8-b2ce-96ff9b2a2bb1"]
2022-07-09 06:11:17:404 [BaseDriver] Valid locator strategies for this request: xpath, id, class name, accessibility id, css selector, -android uiautomator
2022-07-09 06:11:17:404 [BaseDriver] Waiting up to 30000 ms for condition
2022-07-09 06:11:17:405 [WD Proxy] Matched '/element' to command name 'findElement'
2022-07-09 06:11:17:405 [WD Proxy] Proxying [POST /element] to [POST http://127.0.0.1:8201/wd/hub/session/2148e670-9e32-4a14-b72f-7fe23ea17303/element] with body: {"strategy":"xpath","selector":"//*[@text='Sign in']","context":"","multiple":false}
2022-07-09 06:11:18:706 [WD Proxy] Got response with status 200: {"sessionId":"2148e670-9e32-4a14-b72f-7fe23ea17303","value":{"ELEMENT":"00000000-0000-00c8-ffff-ffff00000073","element-6066-11e4-a52e-4f735466cecf":"00000000-0000-00c8-ffff-ffff00000073"}}
2022-07-09 06:11:18:706 [W3C (86cdf718)] Responding to client with driver.findElement() result: {"element-6066-11e4-a52e-4f735466cecf":"00000000-0000-00c8-ffff-ffff00000073","ELEMENT":"00000000-0000-00c8-ffff-ffff00000073"}
2022-07-09 06:11:18:707 [HTTP] <-- POST /wd/hub/session/86cdf718-4b7e-41c8-b2ce-96ff9b2a2bb1/element 200 1304 ms - 137
2022-07-09 06:11:18:707 [HTTP] 
2022-07-09 06:11:18:711 [HTTP] --> POST /wd/hub/session/86cdf718-4b7e-41c8-b2ce-96ff9b2a2bb1/element/00000000-0000-00c8-ffff-ffff00000073/click
2022-07-09 06:11:18:711 [HTTP] {"id":"00000000-0000-00c8-ffff-ffff00000073"}
2022-07-09 06:11:18:711 [W3C (86cdf718)] Calling AppiumDriver.click() with args: ["00000000-0000-00c8-ffff-ffff00000073","86cdf718-4b7e-41c8-b2ce-96ff9b2a2bb1"]
2022-07-09 06:11:18:713 [WD Proxy] Matched '/element/00000000-0000-00c8-ffff-ffff00000073/click' to command name 'click'
2022-07-09 06:11:18:713 [WD Proxy] Proxying [POST /element/00000000-0000-00c8-ffff-ffff00000073/click] to [POST http://127.0.0.1:8201/wd/hub/session/2148e670-9e32-4a14-b72f-7fe23ea17303/element/00000000-0000-00c8-ffff-ffff00000073/click] with body: {"element":"00000000-0000-00c8-ffff-ffff00000073"}
2022-07-09 06:11:18:771 [WD Proxy] Got response with status 200: {"sessionId":"2148e670-9e32-4a14-b72f-7fe23ea17303","value":null}
2022-07-09 06:11:18:771 [W3C (86cdf718)] Responding to client with driver.click() result: null
2022-07-09 06:11:18:772 [HTTP] <-- POST /wd/hub/session/86cdf718-4b7e-41c8-b2ce-96ff9b2a2bb1/element/00000000-0000-00c8-ffff-ffff00000073/click 200 61 ms - 14
2022-07-09 06:11:18:772 [HTTP] 
2022-07-09 06:11:18:775 [HTTP] --> POST /wd/hub/session/86cdf718-4b7e-41c8-b2ce-96ff9b2a2bb1/element
2022-07-09 06:11:18:775 [HTTP] {"using":"xpath","value":"//*[@text='Enter an e-mail address or username']"}
2022-07-09 06:11:18:776 [W3C (86cdf718)] Calling AppiumDriver.findElement() with args: ["xpath","//*[@text='Enter an e-mail address or username']","86cdf718-4b7e-41c8-b2ce-96ff9b2a2bb1"]
2022-07-09 06:11:18:776 [BaseDriver] Valid locator strategies for this request: xpath, id, class name, accessibility id, css selector, -android uiautomator
2022-07-09 06:11:18:776 [BaseDriver] Waiting up to 30000 ms for condition
2022-07-09 06:11:18:776 [WD Proxy] Matched '/element' to command name 'findElement'
2022-07-09 06:11:18:777 [WD Proxy] Proxying [POST /element] to [POST http://127.0.0.1:8201/wd/hub/session/2148e670-9e32-4a14-b72f-7fe23ea17303/element] with body: {"strategy":"xpath","selector":"//*[@text='Enter an e-mail address or username']","context":"","multiple":false}
2022-07-09 06:11:19:600 [WD Proxy] Got response with status 200: {"sessionId":"2148e670-9e32-4a14-b72f-7fe23ea17303","value":{"ELEMENT":"00000000-0000-00c8-ffff-ffff0000008c","element-6066-11e4-a52e-4f735466cecf":"00000000-0000-00c8-ffff-ffff0000008c"}}
2022-07-09 06:11:19:601 [W3C (86cdf718)] Responding to client with driver.findElement() result: {"element-6066-11e4-a52e-4f735466cecf":"00000000-0000-00c8-ffff-ffff0000008c","ELEMENT":"00000000-0000-00c8-ffff-ffff0000008c"}
2022-07-09 06:11:19:602 [HTTP] <-- POST /wd/hub/session/86cdf718-4b7e-41c8-b2ce-96ff9b2a2bb1/element 200 826 ms - 137
2022-07-09 06:11:19:602 [HTTP] 
2022-07-09 06:11:19:613 [HTTP] --> POST /wd/hub/session/86cdf718-4b7e-41c8-b2ce-96ff9b2a2bb1/element/00000000-0000-00c8-ffff-ffff0000008c/value
2022-07-09 06:11:19:613 [HTTP] {"id":"00000000-0000-00c8-ffff-ffff0000008c","text":"bala","value":["b","a","l","a"]}
2022-07-09 06:11:19:614 [W3C (86cdf718)] Calling AppiumDriver.setValue() with args: [["b","a","l","a"],"00000000-0000-00c8-ffff-ffff0000008c","86cdf718-4b7e-41c8-b2ce-96ff9b2a2bb1"]
2022-07-09 06:11:19:615 [WD Proxy] Matched '/element/00000000-0000-00c8-ffff-ffff0000008c/value' to command name 'setValue'
2022-07-09 06:11:19:616 [Protocol Converter] Added 'value' property ["b","a","l","a"] to 'setValue' request body
2022-07-09 06:11:19:616 [WD Proxy] Proxying [POST /element/00000000-0000-00c8-ffff-ffff0000008c/value] to [POST http://127.0.0.1:8201/wd/hub/session/2148e670-9e32-4a14-b72f-7fe23ea17303/element/00000000-0000-00c8-ffff-ffff0000008c/value] with body: {"elementId":"00000000-0000-00c8-ffff-ffff0000008c","text":"bala","replace":false,"value":["b","a","l","a"]}
2022-07-09 06:11:20:186 [WD Proxy] Got response with status 200: {"sessionId":"2148e670-9e32-4a14-b72f-7fe23ea17303","value":null}
2022-07-09 06:11:20:186 [W3C (86cdf718)] Responding to client with driver.setValue() result: null
2022-07-09 06:11:20:187 [HTTP] <-- POST /wd/hub/session/86cdf718-4b7e-41c8-b2ce-96ff9b2a2bb1/element/00000000-0000-00c8-ffff-ffff0000008c/value 200 574 ms - 14
2022-07-09 06:11:20:188 [HTTP] 
2022-07-09 06:11:32:057 [HTTP] --> DELETE /wd/hub/session/86cdf718-4b7e-41c8-b2ce-96ff9b2a2bb1
2022-07-09 06:11:32:057 [HTTP] {}
2022-07-09 06:11:32:058 [W3C (86cdf718)] Calling AppiumDriver.deleteSession() with args: ["86cdf718-4b7e-41c8-b2ce-96ff9b2a2bb1"]
2022-07-09 06:11:32:058 [BaseDriver] Event 'quitSessionRequested' logged at 1657347092058 (11:41:32 GMT+0530 (India Standard Time))
2022-07-09 06:11:32:058 [Appium] Removing session 86cdf718-4b7e-41c8-b2ce-96ff9b2a2bb1 from our master session list
2022-07-09 06:11:32:061 [UiAutomator2] Deleting UiAutomator2 session
2022-07-09 06:11:32:062 [UiAutomator2] Deleting UiAutomator2 server session
2022-07-09 06:11:32:064 [WD Proxy] Matched '/' to command name 'deleteSession'
2022-07-09 06:11:32:064 [WD Proxy] Proxying [DELETE /] to [DELETE http://127.0.0.1:8201/wd/hub/session/2148e670-9e32-4a14-b72f-7fe23ea17303] with no body
2022-07-09 06:11:32:099 [WD Proxy] Got response with status 200: {"sessionId":"2148e670-9e32-4a14-b72f-7fe23ea17303","value":null}
2022-07-09 06:11:32:099 [ADB] Running 'C:\Users\JiDi\AppData\Local\Android\Sdk\platform-tools\adb.exe -P 5037 -s f43c4160 shell am force-stop org.khanacademy.android'
2022-07-09 06:11:32:257 [Logcat] Stopping logcat capture
2022-07-09 06:11:32:262 [ADB] Removing forwarded port socket connection: 8201 
2022-07-09 06:11:32:263 [ADB] Running 'C:\Users\JiDi\AppData\Local\Android\Sdk\platform-tools\adb.exe -P 5037 -s f43c4160 forward --remove tcp:8201'
2022-07-09 06:11:32:286 [UiAutomator2] Restoring hidden api policy to the device default configuration
2022-07-09 06:11:32:286 [ADB] Running 'C:\Users\JiDi\AppData\Local\Android\Sdk\platform-tools\adb.exe -P 5037 -s f43c4160 shell 'settings delete global hidden_api_policy_pre_p_apps;settings delete global hidden_api_policy_p_apps;settings delete global hidden_api_policy''
2022-07-09 06:11:32:319 [Instrumentation] .
2022-07-09 06:11:32:356 [Instrumentation] Time: 24.077
2022-07-09 06:11:32:356 [Instrumentation] 
2022-07-09 06:11:32:356 [Instrumentation] OK (1 test)
2022-07-09 06:11:32:483 [BaseDriver] Event 'quitSessionFinished' logged at 1657347092483 (11:41:32 GMT+0530 (India Standard Time))
2022-07-09 06:11:32:484 [W3C (86cdf718)] Received response: null
2022-07-09 06:11:32:484 [W3C (86cdf718)] But deleting session, so not returning
2022-07-09 06:11:32:484 [W3C (86cdf718)] Responding to client with driver.deleteSession() result: null
2022-07-09 06:11:32:485 [HTTP] <-- DELETE /wd/hub/session/86cdf718-4b7e-41c8-b2ce-96ff9b2a2bb1 200 427 ms - 14
2022-07-09 06:11:32:485 [HTTP] 
